<?xml version="1.0" encoding="UTF-8"?>
<!-- Generated by org.testng.reporters.JUnitReportReporter -->
<testsuite hostname="LTIN588398" failures="0" tests="24" name="app.vercel.devProfileEight.tests.TS01_HomePageValidation" time="11.345" errors="0" timestamp="2025-06-02T15:18:31 IST" skipped="0">
  <testcase classname="app.vercel.devProfileEight.tests.TS01_HomePageValidation" name="websitesDevelopedEnableCheck" time="0.354"/>
  <testcase classname="app.vercel.devProfileEight.tests.TS01_HomePageValidation" name="skillsFieldEnableCheck" time="0.362"/>
  <testcase classname="app.vercel.devProfileEight.tests.TS01_HomePageValidation" name="jobTitleFieldEnableCheck" time="0.364"/>
  <testcase classname="app.vercel.devProfileEight.tests.TS01_HomePageValidation" name="headerCheck" time="0.247"/>
  <testcase classname="app.vercel.devProfileEight.tests.TS01_HomePageValidation" name="experienceFieldEnableCheck" time="0.822"/>
  <testcase classname="app.vercel.devProfileEight.tests.TS01_HomePageValidation" name="measureBtnClickCheck" time="0.702"/>
  <testcase classname="app.vercel.devProfileEight.tests.TS01_HomePageValidation" name="skillsFieldEnableCheck" time="0.816"/>
  <testcase classname="app.vercel.devProfileEight.tests.TS01_HomePageValidation" name="appsMadeEnableCheck" time="0.457"/>
  <testcase classname="app.vercel.devProfileEight.tests.TS01_HomePageValidation" name="nameFieldEnableCheck" time="0.334"/>
  <testcase classname="app.vercel.devProfileEight.tests.TS01_HomePageValidation" name="createPortfolioBtnClickCheck" time="0.375"/>
  <testcase classname="app.vercel.devProfileEight.tests.TS01_HomePageValidation" name="emailFieldEnableCheck" time="0.571"/>
  <testcase classname="app.vercel.devProfileEight.tests.TS01_HomePageValidation" name="appsMadeEnableCheck" time="0.469"/>
  <testcase classname="app.vercel.devProfileEight.tests.TS01_HomePageValidation" name="subTitleCheck" time="0.258"/>
  <testcase classname="app.vercel.devProfileEight.tests.TS01_HomePageValidation" name="createPortfolioBtnClickCheck" time="0.567"/>
  <testcase classname="app.vercel.devProfileEight.tests.TS01_HomePageValidation" name="nameFieldEnableCheck" time="0.377"/>
  <testcase classname="app.vercel.devProfileEight.tests.TS01_HomePageValidation" name="subTitleCheck" time="0.219"/>
  <testcase classname="app.vercel.devProfileEight.tests.TS01_HomePageValidation" name="headerCheck" time="0.414"/>
  <testcase classname="app.vercel.devProfileEight.tests.TS01_HomePageValidation" name="checkWebTitle" time="0.341"/>
  <testcase classname="app.vercel.devProfileEight.tests.TS01_HomePageValidation" name="jobTitleFieldEnableCheck" time="0.901"/>
  <testcase classname="app.vercel.devProfileEight.tests.TS01_HomePageValidation" name="measureBtnClickCheck" time="0.473"/>
  <testcase classname="app.vercel.devProfileEight.tests.TS01_HomePageValidation" name="websitesDevelopedEnableCheck" time="0.416"/>
  <testcase classname="app.vercel.devProfileEight.tests.TS01_HomePageValidation" name="experienceFieldEnableCheck" time="0.849"/>
  <testcase classname="app.vercel.devProfileEight.tests.TS01_HomePageValidation" name="checkWebTitle" time="0.269"/>
  <testcase classname="app.vercel.devProfileEight.tests.TS01_HomePageValidation" name="emailFieldEnableCheck" time="0.388"/>
</testsuite> <!-- app.vercel.devProfileEight.tests.TS01_HomePageValidation -->
